INFO  [2021-08-15 09:09:30,007] io.dropwizard.server.DefaultServerFactory: Registering jersey handler with root path prefix: /awscognitofacade/simple/v1
INFO  [2021-08-15 09:09:30,009] io.dropwizard.server.DefaultServerFactory: Registering admin handler with root path prefix: /admin
INFO  [2021-08-15 09:09:30,009] com.cttexpress.MainApplication: Inicializando Usuarios de Gestión ...
INFO  [2021-08-15 09:09:30,267] com.cttexpress.MainApplication: Registrando recursos ...
INFO  [2021-08-15 09:09:30,272] com.cttexpress.MainApplication: Registrando recursos de Healthcheck ...
INFO  [2021-08-15 09:09:30,272] com.cttexpress.MainApplication: Registrando  CustomExceptionMapper...
INFO  [2021-08-15 09:09:30,273] com.cttexpress.MainApplication: Registrando BasicCredentialAuthFilter ...
INFO  [2021-08-15 09:09:30,279] io.dropwizard.server.ServerFactory: Starting MainApplication


        __  __       _                 __                                                      _ __        ____                     __
  _____/ /_/ /______(_)___ ___  ____  / /__  ____ __      ________________  ____  ____ _____  (_) /_____  / __/___ __________ _____/ /__
 / ___/ __/ __/ ___/ / __ `__ \/ __ \/ / _ \/ __ `/ | /| / / ___/ ___/ __ \/ __ \/ __ `/ __ \/ / __/ __ \/ /_/ __ `/ ___/ __ `/ __  / _ \
/ /__/ /_/ /_(__  ) / / / / / / /_/ / /  __/ /_/ /| |/ |/ (__  ) /__/ /_/ / / / / /_/ / / / / / /_/ /_/ / __/ /_/ / /__/ /_/ / /_/ /  __/
\___/\__/\__/____/_/_/ /_/ /_/ .___/_/\___/\__,_/ |__/|__/____/\___/\____/_/ /_/\__, /_/ /_/_/\__/\____/_/  \__,_/\___/\__,_/\__,_/\___/
                            /_/                                                /____/



INFO  [2021-08-15 09:09:30,356] org.eclipse.jetty.setuid.SetUIDListener: Opened application@22a6e998{HTTP/1.1,[http/1.1]}{0.0.0.0:9000}
INFO  [2021-08-15 09:09:30,356] org.eclipse.jetty.setuid.SetUIDListener: Opened admin@55e42449{HTTP/1.1,[http/1.1]}{0.0.0.0:9001}
INFO  [2021-08-15 09:09:30,358] org.eclipse.jetty.server.Server: jetty-9.4.z-SNAPSHOT; built: 2019-04-29T20:42:08.989Z; git: e1bc35120a6617ee3df052294e433f3a25ce7097; jvm 1.8.0_292-8u292-b10-0ubuntu1~20.04-b10
INFO  [2021-08-15 09:09:30,785] io.dropwizard.jersey.DropwizardResourceConfig: The following paths were found for the configured resources:

    POST    /rpc-create-user (com.cttexpress.rest.resources.RpcCreateUser)
    POST    /rpc-delete-user/{userEmail} (com.cttexpress.rest.resources.RpcDeleteUser)
    POST    /rpc-disable-user/{userEmail} (com.cttexpress.rest.resources.RpcDisableUser)
    POST    /rpc-enable-user/{userEmail} (com.cttexpress.rest.resources.RpcEnableUser)
    POST    /rpc-force-user-password-reset/{userEmail} (com.cttexpress.rest.resources.RpcForceUserPasswordReset)

INFO  [2021-08-15 09:09:30,788] org.eclipse.jetty.server.handler.ContextHandler: Started i.d.j.MutableServletContextHandler@69de5bed{/awscognitofacade/simple/v1,null,AVAILABLE}
INFO  [2021-08-15 09:09:30,792] io.dropwizard.setup.AdminEnvironment: tasks = 

    POST    /tasks/log-level (io.dropwizard.servlets.tasks.LogConfigurationTask)
    POST    /tasks/gc (io.dropwizard.servlets.tasks.GarbageCollectionTask)

INFO  [2021-08-15 09:09:30,799] org.eclipse.jetty.server.handler.ContextHandler: Started i.d.j.MutableServletContextHandler@7a9ceddf{/admin,null,AVAILABLE}
INFO  [2021-08-15 09:09:30,810] org.eclipse.jetty.server.AbstractConnector: Started application@22a6e998{HTTP/1.1,[http/1.1]}{0.0.0.0:9000}
INFO  [2021-08-15 09:09:30,815] org.eclipse.jetty.server.AbstractConnector: Started admin@55e42449{HTTP/1.1,[http/1.1]}{0.0.0.0:9001}
INFO  [2021-08-15 09:09:30,815] org.eclipse.jetty.server.Server: Started @1826ms
INFO  [2021-08-15 09:10:01,430] com.cttexpress.rest.auth.AppAuthorizer: Autorización otorgada para el usuario[admin1].
INFO  [2021-08-15 09:10:01,465] com.cttexpress.rest.resources.RpcCreateUser: POST rpcCreateUser Remote Host[0:0:0:0:0:0:0:1] Remote Address[0:0:0:0:0:0:0:1] Remote Port[58672].
INFO  [2021-08-15 09:10:11,005] com.cttexpress.rest.auth.AppAuthorizer: Autorización otorgada para el usuario[admin1].
INFO  [2021-08-15 09:10:11,006] com.cttexpress.rest.resources.RpcCreateUser: POST rpcCreateUser Remote Host[0:0:0:0:0:0:0:1] Remote Address[0:0:0:0:0:0:0:1] Remote Port[58672].
INFO  [2021-08-15 09:10:17,689] com.cttexpress.rest.auth.AppAuthorizer: Autorización otorgada para el usuario[admin1].
INFO  [2021-08-15 09:10:17,690] com.cttexpress.rest.resources.RpcCreateUser: POST rpcCreateUser Remote Host[0:0:0:0:0:0:0:1] Remote Address[0:0:0:0:0:0:0:1] Remote Port[58672].
INFO  [2021-08-15 09:10:30,550] com.cttexpress.rest.auth.AppAuthorizer: Autorización otorgada para el usuario[admin1].
INFO  [2021-08-15 09:10:30,551] com.cttexpress.rest.resources.RpcCreateUser: POST rpcCreateUser Remote Host[0:0:0:0:0:0:0:1] Remote Address[0:0:0:0:0:0:0:1] Remote Port[58672].
INFO  [2021-08-15 09:10:56,725] com.cttexpress.rest.auth.AppAuthorizer: Autorización otorgada para el usuario[admin1].
INFO  [2021-08-15 09:10:56,729] com.cttexpress.rest.resources.RpcCreateUser: POST rpcCreateUser Remote Host[0:0:0:0:0:0:0:1] Remote Address[0:0:0:0:0:0:0:1] Remote Port[58672].
INFO  [2021-08-15 09:30:45,207] org.eclipse.jetty.server.AbstractConnector: Stopped application@22a6e998{HTTP/1.1,[http/1.1]}{0.0.0.0:9000}
INFO  [2021-08-15 09:30:45,208] org.eclipse.jetty.server.AbstractConnector: Stopped admin@55e42449{HTTP/1.1,[http/1.1]}{0.0.0.0:9001}
INFO  [2021-08-15 09:30:45,211] org.eclipse.jetty.server.handler.ContextHandler: Stopped i.d.j.MutableServletContextHandler@7a9ceddf{/admin,null,UNAVAILABLE}
INFO  [2021-08-15 09:30:45,215] org.eclipse.jetty.server.handler.ContextHandler: Stopped i.d.j.MutableServletContextHandler@69de5bed{/awscognitofacade/simple/v1,null,UNAVAILABLE}
INFO  [2021-08-15 09:40:39,544] io.dropwizard.server.DefaultServerFactory: Registering jersey handler with root path prefix: /awscognitofacade/simple/v1
INFO  [2021-08-15 09:40:39,546] io.dropwizard.server.DefaultServerFactory: Registering admin handler with root path prefix: /admin
INFO  [2021-08-15 09:40:39,546] com.cttexpress.MainApplication: Inicializando Usuarios de Gestión ...
INFO  [2021-08-15 09:40:39,794] com.cttexpress.MainApplication: Registrando recursos ...
INFO  [2021-08-15 09:40:39,798] com.cttexpress.MainApplication: Registrando recursos de Healthcheck ...
INFO  [2021-08-15 09:40:39,798] com.cttexpress.MainApplication: Registrando  CustomExceptionMapper...
INFO  [2021-08-15 09:40:39,799] com.cttexpress.MainApplication: Registrando BasicCredentialAuthFilter ...
INFO  [2021-08-15 09:40:39,810] io.dropwizard.server.ServerFactory: Starting MainApplication


        __  __       _                 __                                                      _ __        ____                     __
  _____/ /_/ /______(_)___ ___  ____  / /__  ____ __      ________________  ____  ____ _____  (_) /_____  / __/___ __________ _____/ /__
 / ___/ __/ __/ ___/ / __ `__ \/ __ \/ / _ \/ __ `/ | /| / / ___/ ___/ __ \/ __ \/ __ `/ __ \/ / __/ __ \/ /_/ __ `/ ___/ __ `/ __  / _ \
/ /__/ /_/ /_(__  ) / / / / / / /_/ / /  __/ /_/ /| |/ |/ (__  ) /__/ /_/ / / / / /_/ / / / / / /_/ /_/ / __/ /_/ / /__/ /_/ / /_/ /  __/
\___/\__/\__/____/_/_/ /_/ /_/ .___/_/\___/\__,_/ |__/|__/____/\___/\____/_/ /_/\__, /_/ /_/_/\__/\____/_/  \__,_/\___/\__,_/\__,_/\___/
                            /_/                                                /____/



INFO  [2021-08-15 09:40:39,888] org.eclipse.jetty.setuid.SetUIDListener: Opened application@22a6e998{HTTP/1.1,[http/1.1]}{0.0.0.0:9000}
INFO  [2021-08-15 09:40:39,888] org.eclipse.jetty.setuid.SetUIDListener: Opened admin@55e42449{HTTP/1.1,[http/1.1]}{0.0.0.0:9001}
INFO  [2021-08-15 09:40:39,890] org.eclipse.jetty.server.Server: jetty-9.4.z-SNAPSHOT; built: 2019-04-29T20:42:08.989Z; git: e1bc35120a6617ee3df052294e433f3a25ce7097; jvm 1.8.0_292-8u292-b10-0ubuntu1~20.04-b10
INFO  [2021-08-15 09:40:40,233] io.dropwizard.jersey.DropwizardResourceConfig: The following paths were found for the configured resources:

    POST    /rpc-create-user (com.cttexpress.rest.resources.RpcCreateUser)
    POST    /rpc-delete-user/{userEmail} (com.cttexpress.rest.resources.RpcDeleteUser)
    POST    /rpc-disable-user/{userEmail} (com.cttexpress.rest.resources.RpcDisableUser)
    POST    /rpc-enable-user/{userEmail} (com.cttexpress.rest.resources.RpcEnableUser)
    POST    /rpc-force-user-password-reset/{userEmail} (com.cttexpress.rest.resources.RpcForceUserPasswordReset)

INFO  [2021-08-15 09:40:40,234] org.eclipse.jetty.server.handler.ContextHandler: Started i.d.j.MutableServletContextHandler@545b5ed0{/awscognitofacade/simple/v1,null,AVAILABLE}
INFO  [2021-08-15 09:40:40,236] io.dropwizard.setup.AdminEnvironment: tasks = 

    POST    /tasks/log-level (io.dropwizard.servlets.tasks.LogConfigurationTask)
    POST    /tasks/gc (io.dropwizard.servlets.tasks.GarbageCollectionTask)

INFO  [2021-08-15 09:40:40,239] org.eclipse.jetty.server.handler.ContextHandler: Started i.d.j.MutableServletContextHandler@3fbe503c{/admin,null,AVAILABLE}
INFO  [2021-08-15 09:40:40,245] org.eclipse.jetty.server.AbstractConnector: Started application@22a6e998{HTTP/1.1,[http/1.1]}{0.0.0.0:9000}
INFO  [2021-08-15 09:40:40,245] org.eclipse.jetty.server.AbstractConnector: Started admin@55e42449{HTTP/1.1,[http/1.1]}{0.0.0.0:9001}
INFO  [2021-08-15 09:40:40,246] org.eclipse.jetty.server.Server: Started @1690ms
INFO  [2021-08-15 09:41:28,981] com.cttexpress.rest.auth.AppAuthorizer: Autorización otorgada para el usuario[admin1].
INFO  [2021-08-15 09:41:29,023] com.cttexpress.rest.resources.RpcCreateUser: POST rpcCreateUser Remote Host[0:0:0:0:0:0:0:1] Remote Address[0:0:0:0:0:0:0:1] Remote Port[58722].
INFO  [2021-08-15 09:41:29,037] com.cttexpress.rest.resources.RpcCreateUser: POST rpcCreateUser Payload[
com.cttexpress.rest.representations.CreateUserRequest@6f5a8a3b[
  custom_attributes={custom:ctt_client_code=TECHEDGE-01b, custom:ctt_agency_code=TECHEDGE-01a}
  email=psanchosopranis@gmail.com
  name=Pablo Sancho-Sopranis Sampol
  phone_number=+34650711077
]
].
INFO  [2021-08-15 09:44:36,412] com.cttexpress.rest.auth.AppAuthorizer: Autorización otorgada para el usuario[admin1].
INFO  [2021-08-15 09:44:36,414] com.cttexpress.rest.resources.RpcCreateUser: POST rpcCreateUser Remote Host[0:0:0:0:0:0:0:1] Remote Address[0:0:0:0:0:0:0:1] Remote Port[58730].
INFO  [2021-08-15 09:44:36,414] com.cttexpress.rest.resources.RpcCreateUser: POST rpcCreateUser Payload[
com.cttexpress.rest.representations.CreateUserRequest@5ff12c2e[
  custom_attributes={custom:ctt_client_code=TECHEDGE-01b, custom:ctt_agency_code=TECHEDGE-01a}
  email=psanchosopranis@gmail.com
  name=Pablo Sancho-Sopranis Sampol
  phone_number=+34650711077
]
].
INFO  [2021-08-15 09:46:12,452] com.cttexpress.rest.auth.AppAuthorizer: Autorización otorgada para el usuario[admin1].
INFO  [2021-08-15 09:46:12,463] com.cttexpress.rest.resources.RpcDeleteUser: POST rpcDeleteUser [psanchosopranis@gmail.com] Remote Host[0:0:0:0:0:0:0:1] Remote Address[0:0:0:0:0:0:0:1] Remote Port[58740].
INFO  [2021-08-15 09:46:16,255] com.cttexpress.rest.auth.AppAuthorizer: Autorización otorgada para el usuario[admin1].
INFO  [2021-08-15 09:46:16,257] com.cttexpress.rest.resources.RpcDeleteUser: POST rpcDeleteUser [psanchosopranis@gmail.com] Remote Host[0:0:0:0:0:0:0:1] Remote Address[0:0:0:0:0:0:0:1] Remote Port[58740].
INFO  [2021-08-15 09:53:22,968] org.eclipse.jetty.server.AbstractConnector: Stopped application@22a6e998{HTTP/1.1,[http/1.1]}{0.0.0.0:9000}
INFO  [2021-08-15 09:53:22,972] org.eclipse.jetty.server.AbstractConnector: Stopped admin@55e42449{HTTP/1.1,[http/1.1]}{0.0.0.0:9001}
INFO  [2021-08-15 09:53:22,975] org.eclipse.jetty.server.handler.ContextHandler: Stopped i.d.j.MutableServletContextHandler@3fbe503c{/admin,null,UNAVAILABLE}
INFO  [2021-08-15 09:53:22,982] org.eclipse.jetty.server.handler.ContextHandler: Stopped i.d.j.MutableServletContextHandler@545b5ed0{/awscognitofacade/simple/v1,null,UNAVAILABLE}
INFO  [2021-08-15 09:53:26,935] io.dropwizard.server.DefaultServerFactory: Registering jersey handler with root path prefix: /awscognitofacade/simple/v1
INFO  [2021-08-15 09:53:26,937] io.dropwizard.server.DefaultServerFactory: Registering admin handler with root path prefix: /admin
INFO  [2021-08-15 09:53:26,937] com.cttexpress.MainApplication: Inicializando Usuarios de Gestión ...
INFO  [2021-08-15 09:53:27,188] com.cttexpress.MainApplication: Registrando recursos ...
INFO  [2021-08-15 09:53:27,194] com.cttexpress.MainApplication: Registrando recursos de Healthcheck ...
INFO  [2021-08-15 09:53:27,194] com.cttexpress.MainApplication: Registrando  CustomExceptionMapper...
INFO  [2021-08-15 09:53:27,195] com.cttexpress.MainApplication: Registrando BasicCredentialAuthFilter ...
INFO  [2021-08-15 09:53:27,203] io.dropwizard.server.ServerFactory: Starting MainApplication


        __  __       _                 __                                                      _ __        ____                     __
  _____/ /_/ /______(_)___ ___  ____  / /__  ____ __      ________________  ____  ____ _____  (_) /_____  / __/___ __________ _____/ /__
 / ___/ __/ __/ ___/ / __ `__ \/ __ \/ / _ \/ __ `/ | /| / / ___/ ___/ __ \/ __ \/ __ `/ __ \/ / __/ __ \/ /_/ __ `/ ___/ __ `/ __  / _ \
/ /__/ /_/ /_(__  ) / / / / / / /_/ / /  __/ /_/ /| |/ |/ (__  ) /__/ /_/ / / / / /_/ / / / / / /_/ /_/ / __/ /_/ / /__/ /_/ / /_/ /  __/
\___/\__/\__/____/_/_/ /_/ /_/ .___/_/\___/\__,_/ |__/|__/____/\___/\____/_/ /_/\__, /_/ /_/_/\__/\____/_/  \__,_/\___/\__,_/\__,_/\___/
                            /_/                                                /____/



INFO  [2021-08-15 09:53:27,258] org.eclipse.jetty.setuid.SetUIDListener: Opened application@22a6e998{HTTP/1.1,[http/1.1]}{0.0.0.0:9000}
INFO  [2021-08-15 09:53:27,258] org.eclipse.jetty.setuid.SetUIDListener: Opened admin@55e42449{HTTP/1.1,[http/1.1]}{0.0.0.0:9001}
INFO  [2021-08-15 09:53:27,259] org.eclipse.jetty.server.Server: jetty-9.4.z-SNAPSHOT; built: 2019-04-29T20:42:08.989Z; git: e1bc35120a6617ee3df052294e433f3a25ce7097; jvm 1.8.0_292-8u292-b10-0ubuntu1~20.04-b10
INFO  [2021-08-15 09:53:27,641] io.dropwizard.jersey.DropwizardResourceConfig: The following paths were found for the configured resources:

    POST    /rpc-create-user (com.cttexpress.rest.resources.RpcCreateUser)
    POST    /rpc-delete-user/{userEmail} (com.cttexpress.rest.resources.RpcDeleteUser)
    POST    /rpc-disable-user/{userEmail} (com.cttexpress.rest.resources.RpcDisableUser)
    POST    /rpc-enable-user/{userEmail} (com.cttexpress.rest.resources.RpcEnableUser)
    POST    /rpc-force-user-password-reset/{userEmail} (com.cttexpress.rest.resources.RpcForceUserPasswordReset)

INFO  [2021-08-15 09:53:27,642] org.eclipse.jetty.server.handler.ContextHandler: Started i.d.j.MutableServletContextHandler@545b5ed0{/awscognitofacade/simple/v1,null,AVAILABLE}
INFO  [2021-08-15 09:53:27,645] io.dropwizard.setup.AdminEnvironment: tasks = 

    POST    /tasks/log-level (io.dropwizard.servlets.tasks.LogConfigurationTask)
    POST    /tasks/gc (io.dropwizard.servlets.tasks.GarbageCollectionTask)

INFO  [2021-08-15 09:53:27,648] org.eclipse.jetty.server.handler.ContextHandler: Started i.d.j.MutableServletContextHandler@3fbe503c{/admin,null,AVAILABLE}
INFO  [2021-08-15 09:53:27,658] org.eclipse.jetty.server.AbstractConnector: Started application@22a6e998{HTTP/1.1,[http/1.1]}{0.0.0.0:9000}
INFO  [2021-08-15 09:53:27,659] org.eclipse.jetty.server.AbstractConnector: Started admin@55e42449{HTTP/1.1,[http/1.1]}{0.0.0.0:9001}
INFO  [2021-08-15 09:53:27,659] org.eclipse.jetty.server.Server: Started @1676ms
INFO  [2021-08-15 10:20:33,815] org.eclipse.jetty.server.AbstractConnector: Stopped application@22a6e998{HTTP/1.1,[http/1.1]}{0.0.0.0:9000}
INFO  [2021-08-15 10:20:33,821] org.eclipse.jetty.server.AbstractConnector: Stopped admin@55e42449{HTTP/1.1,[http/1.1]}{0.0.0.0:9001}
INFO  [2021-08-15 10:20:33,825] org.eclipse.jetty.server.handler.ContextHandler: Stopped i.d.j.MutableServletContextHandler@3fbe503c{/admin,null,UNAVAILABLE}
INFO  [2021-08-15 10:20:33,844] org.eclipse.jetty.server.handler.ContextHandler: Stopped i.d.j.MutableServletContextHandler@545b5ed0{/awscognitofacade/simple/v1,null,UNAVAILABLE}
INFO  [2021-08-15 10:27:24,845] io.dropwizard.server.DefaultServerFactory: Registering jersey handler with root path prefix: /awscognitofacade/simple/v1
INFO  [2021-08-15 10:27:24,848] io.dropwizard.server.DefaultServerFactory: Registering admin handler with root path prefix: /admin
INFO  [2021-08-15 10:27:24,848] com.cttexpress.MainApplication: Inicializando Usuarios de Gestión ...
INFO  [2021-08-15 10:27:25,310] com.cttexpress.MainApplication: Registrando recursos ...
INFO  [2021-08-15 10:27:25,319] com.cttexpress.MainApplication: Registrando recursos de Healthcheck ...
INFO  [2021-08-15 10:27:25,319] com.cttexpress.MainApplication: Registrando  CustomExceptionMapper...
INFO  [2021-08-15 10:27:25,321] com.cttexpress.MainApplication: Registrando BasicCredentialAuthFilter ...
INFO  [2021-08-15 10:27:25,346] io.dropwizard.server.ServerFactory: Starting MainApplication


        __  __       _                 __                                                      _ __        ____                     __
  _____/ /_/ /______(_)___ ___  ____  / /__  ____ __      ________________  ____  ____ _____  (_) /_____  / __/___ __________ _____/ /__
 / ___/ __/ __/ ___/ / __ `__ \/ __ \/ / _ \/ __ `/ | /| / / ___/ ___/ __ \/ __ \/ __ `/ __ \/ / __/ __ \/ /_/ __ `/ ___/ __ `/ __  / _ \
/ /__/ /_/ /_(__  ) / / / / / / /_/ / /  __/ /_/ /| |/ |/ (__  ) /__/ /_/ / / / / /_/ / / / / / /_/ /_/ / __/ /_/ / /__/ /_/ / /_/ /  __/
\___/\__/\__/____/_/_/ /_/ /_/ .___/_/\___/\__,_/ |__/|__/____/\___/\____/_/ /_/\__, /_/ /_/_/\__/\____/_/  \__,_/\___/\__,_/\__,_/\___/
                            /_/                                                /____/



INFO  [2021-08-15 10:27:25,446] org.eclipse.jetty.setuid.SetUIDListener: Opened application@e57e5d6{HTTP/1.1,[http/1.1]}{0.0.0.0:9000}
INFO  [2021-08-15 10:27:25,447] org.eclipse.jetty.setuid.SetUIDListener: Opened admin@6dfa915a{HTTP/1.1,[http/1.1]}{0.0.0.0:9001}
INFO  [2021-08-15 10:27:25,448] org.eclipse.jetty.server.Server: jetty-9.4.z-SNAPSHOT; built: 2019-04-29T20:42:08.989Z; git: e1bc35120a6617ee3df052294e433f3a25ce7097; jvm 1.8.0_292-8u292-b10-0ubuntu1~20.04-b10
INFO  [2021-08-15 10:27:26,004] io.dropwizard.jersey.DropwizardResourceConfig: The following paths were found for the configured resources:

    POST    /rpc-create-user (com.cttexpress.rest.resources.RpcCreateUser)
    POST    /rpc-delete-user/{userEmail} (com.cttexpress.rest.resources.RpcDeleteUser)
    POST    /rpc-disable-user/{userEmail} (com.cttexpress.rest.resources.RpcDisableUser)
    POST    /rpc-enable-user/{userEmail} (com.cttexpress.rest.resources.RpcEnableUser)
    POST    /rpc-force-user-password-reset/{userEmail} (com.cttexpress.rest.resources.RpcForceUserPasswordReset)

INFO  [2021-08-15 10:27:26,007] org.eclipse.jetty.server.handler.ContextHandler: Started i.d.j.MutableServletContextHandler@667dcaad{/awscognitofacade/simple/v1,null,AVAILABLE}
INFO  [2021-08-15 10:27:26,011] io.dropwizard.setup.AdminEnvironment: tasks = 

    POST    /tasks/log-level (io.dropwizard.servlets.tasks.LogConfigurationTask)
    POST    /tasks/gc (io.dropwizard.servlets.tasks.GarbageCollectionTask)

INFO  [2021-08-15 10:27:26,025] org.eclipse.jetty.server.handler.ContextHandler: Started i.d.j.MutableServletContextHandler@15d0d6c9{/admin,null,AVAILABLE}
INFO  [2021-08-15 10:27:26,034] org.eclipse.jetty.server.AbstractConnector: Started application@e57e5d6{HTTP/1.1,[http/1.1]}{0.0.0.0:9000}
INFO  [2021-08-15 10:27:26,040] org.eclipse.jetty.server.AbstractConnector: Started admin@6dfa915a{HTTP/1.1,[http/1.1]}{0.0.0.0:9001}
INFO  [2021-08-15 10:27:26,040] org.eclipse.jetty.server.Server: Started @2847ms
INFO  [2021-08-15 10:27:36,841] com.cttexpress.rest.auth.AppAuthorizer: Autorización otorgada para el usuario[admin1].
INFO  [2021-08-15 10:27:36,913] com.cttexpress.rest.resources.RpcCreateUser: POST rpcCreateUser Remote Host[0:0:0:0:0:0:0:1] Remote Address[0:0:0:0:0:0:0:1] Remote Port[58824].
INFO  [2021-08-15 10:27:36,927] com.cttexpress.rest.resources.RpcCreateUser: POST rpcCreateUser Payload[
com.cttexpress.rest.representations.CreateUserRequest@39d0218f[
  custom_attributes={custom:ctt_client_code=TECHEDGE-01b, custom:ctt_agency_code=TECHEDGE-01a}
  email=psanchosopranis@gmail.com
  name=Pablo Sancho-Sopranis Sampol
  phone_number=+34650711077
]
].
INFO  [2021-08-15 10:27:46,892] com.cttexpress.rest.auth.AppAuthorizer: Autorización otorgada para el usuario[admin1].
INFO  [2021-08-15 10:27:46,897] com.cttexpress.rest.resources.RpcCreateUser: POST rpcCreateUser Remote Host[0:0:0:0:0:0:0:1] Remote Address[0:0:0:0:0:0:0:1] Remote Port[58824].
INFO  [2021-08-15 10:27:46,899] com.cttexpress.rest.resources.RpcCreateUser: POST rpcCreateUser Payload[
com.cttexpress.rest.representations.CreateUserRequest@7c91530c[
  custom_attributes={custom:ctt_client_code=TECHEDGE-01b, custom:ctt_agency_code=TECHEDGE-01a}
  email=psanchosopranis@gmail.com
  name=Pablo Sancho-Sopranis Sampol
  phone_number=+34650711077
]
].
INFO  [2021-08-15 10:29:34,934] com.cttexpress.rest.auth.AppAuthorizer: Autorización otorgada para el usuario[admin1].
INFO  [2021-08-15 10:29:34,968] com.cttexpress.rest.resources.RpcDeleteUser: POST rpcDeleteUser [psanchosopranis@gmail.com] Remote Host[0:0:0:0:0:0:0:1] Remote Address[0:0:0:0:0:0:0:1] Remote Port[58834].
INFO  [2021-08-15 10:29:51,551] com.cttexpress.rest.auth.AppAuthorizer: Autorización otorgada para el usuario[admin1].
INFO  [2021-08-15 10:29:51,554] com.cttexpress.rest.resources.RpcCreateUser: POST rpcCreateUser Remote Host[0:0:0:0:0:0:0:1] Remote Address[0:0:0:0:0:0:0:1] Remote Port[58834].
INFO  [2021-08-15 10:29:51,554] com.cttexpress.rest.resources.RpcCreateUser: POST rpcCreateUser Payload[
com.cttexpress.rest.representations.CreateUserRequest@3d88f91e[
  custom_attributes={custom:ctt_client_code=TECHEDGE-01b, custom:ctt_agency_code1=TECHEDGE-01a}
  email=psanchosopranis@gmail.com
  name=Pablo Sancho-Sopranis Sampol
  phone_number=+34650711077
]
].
INFO  [2021-08-15 10:30:38,124] org.eclipse.jetty.server.AbstractConnector: Stopped application@e57e5d6{HTTP/1.1,[http/1.1]}{0.0.0.0:9000}
INFO  [2021-08-15 10:30:38,127] org.eclipse.jetty.server.AbstractConnector: Stopped admin@6dfa915a{HTTP/1.1,[http/1.1]}{0.0.0.0:9001}
INFO  [2021-08-15 10:30:38,130] org.eclipse.jetty.server.handler.ContextHandler: Stopped i.d.j.MutableServletContextHandler@15d0d6c9{/admin,null,UNAVAILABLE}
INFO  [2021-08-15 10:30:38,147] org.eclipse.jetty.server.handler.ContextHandler: Stopped i.d.j.MutableServletContextHandler@667dcaad{/awscognitofacade/simple/v1,null,UNAVAILABLE}
INFO  [2021-08-15 10:34:42,383] io.dropwizard.server.DefaultServerFactory: Registering jersey handler with root path prefix: /awscognitofacade/simple/v1
INFO  [2021-08-15 10:34:42,386] io.dropwizard.server.DefaultServerFactory: Registering admin handler with root path prefix: /admin
INFO  [2021-08-15 10:34:42,387] com.cttexpress.MainApplication: Inicializando Usuarios de Gestión ...
INFO  [2021-08-15 10:34:42,836] com.cttexpress.MainApplication: Registrando recursos ...
INFO  [2021-08-15 10:34:42,844] com.cttexpress.MainApplication: Registrando recursos de Healthcheck ...
INFO  [2021-08-15 10:34:42,844] com.cttexpress.MainApplication: Registrando  CustomExceptionMapper...
INFO  [2021-08-15 10:34:42,845] com.cttexpress.MainApplication: Registrando BasicCredentialAuthFilter ...
INFO  [2021-08-15 10:34:42,858] io.dropwizard.server.ServerFactory: Starting MainApplication


        __  __       _                 __                                                      _ __        ____                     __
  _____/ /_/ /______(_)___ ___  ____  / /__  ____ __      ________________  ____  ____ _____  (_) /_____  / __/___ __________ _____/ /__
 / ___/ __/ __/ ___/ / __ `__ \/ __ \/ / _ \/ __ `/ | /| / / ___/ ___/ __ \/ __ \/ __ `/ __ \/ / __/ __ \/ /_/ __ `/ ___/ __ `/ __  / _ \
/ /__/ /_/ /_(__  ) / / / / / / /_/ / /  __/ /_/ /| |/ |/ (__  ) /__/ /_/ / / / / /_/ / / / / / /_/ /_/ / __/ /_/ / /__/ /_/ / /_/ /  __/
\___/\__/\__/____/_/_/ /_/ /_/ .___/_/\___/\__,_/ |__/|__/____/\___/\____/_/ /_/\__, /_/ /_/_/\__/\____/_/  \__,_/\___/\__,_/\__,_/\___/
                            /_/                                                /____/



INFO  [2021-08-15 10:34:42,941] org.eclipse.jetty.setuid.SetUIDListener: Opened application@78054f54{HTTP/1.1,[http/1.1]}{0.0.0.0:9000}
INFO  [2021-08-15 10:34:42,942] org.eclipse.jetty.setuid.SetUIDListener: Opened admin@cb7fa71{HTTP/1.1,[http/1.1]}{0.0.0.0:9001}
INFO  [2021-08-15 10:34:42,943] org.eclipse.jetty.server.Server: jetty-9.4.z-SNAPSHOT; built: 2019-04-29T20:42:08.989Z; git: e1bc35120a6617ee3df052294e433f3a25ce7097; jvm 1.8.0_292-8u292-b10-0ubuntu1~20.04-b10
INFO  [2021-08-15 10:34:43,418] io.dropwizard.jersey.DropwizardResourceConfig: The following paths were found for the configured resources:

    POST    /rpc-create-user (com.cttexpress.rest.resources.RpcCreateUser)
    POST    /rpc-delete-user/{userEmail} (com.cttexpress.rest.resources.RpcDeleteUser)
    POST    /rpc-disable-user/{userEmail} (com.cttexpress.rest.resources.RpcDisableUser)
    POST    /rpc-enable-user/{userEmail} (com.cttexpress.rest.resources.RpcEnableUser)
    POST    /rpc-force-user-password-reset/{userEmail} (com.cttexpress.rest.resources.RpcForceUserPasswordReset)

INFO  [2021-08-15 10:34:43,420] org.eclipse.jetty.server.handler.ContextHandler: Started i.d.j.MutableServletContextHandler@2c748a15{/awscognitofacade/simple/v1,null,AVAILABLE}
INFO  [2021-08-15 10:34:43,425] io.dropwizard.setup.AdminEnvironment: tasks = 

    POST    /tasks/log-level (io.dropwizard.servlets.tasks.LogConfigurationTask)
    POST    /tasks/gc (io.dropwizard.servlets.tasks.GarbageCollectionTask)

INFO  [2021-08-15 10:34:43,430] org.eclipse.jetty.server.handler.ContextHandler: Started i.d.j.MutableServletContextHandler@7741d346{/admin,null,AVAILABLE}
INFO  [2021-08-15 10:34:43,457] org.eclipse.jetty.server.AbstractConnector: Started application@78054f54{HTTP/1.1,[http/1.1]}{0.0.0.0:9000}
INFO  [2021-08-15 10:34:43,463] org.eclipse.jetty.server.AbstractConnector: Started admin@cb7fa71{HTTP/1.1,[http/1.1]}{0.0.0.0:9001}
INFO  [2021-08-15 10:34:43,463] org.eclipse.jetty.server.Server: Started @2506ms
INFO  [2021-08-15 10:35:21,918] com.cttexpress.rest.auth.AppAuthorizer: Autorización otorgada para el usuario[admin1].
INFO  [2021-08-15 10:35:21,960] com.cttexpress.rest.resources.RpcCreateUser: POST rpcCreateUser Remote Host[0:0:0:0:0:0:0:1] Remote Address[0:0:0:0:0:0:0:1] Remote Port[58854].
INFO  [2021-08-15 10:35:21,969] com.cttexpress.rest.resources.RpcCreateUser: POST rpcCreateUser Payload[
com.cttexpress.rest.representations.CreateUserRequest@5340ab83[
  custom_attributes={custom:ctt_client_code=TECHEDGE-01b, custom:ctt_agency_code1=TECHEDGE-01a}
  email=psanchosopranis@gmail.com
  name=Pablo Sancho-Sopranis Sampol
  phone_number=+34650711077
]
].
INFO  [2021-08-15 10:35:45,227] com.cttexpress.rest.auth.AppAuthorizer: Autorización otorgada para el usuario[admin1].
INFO  [2021-08-15 10:35:45,233] com.cttexpress.rest.resources.RpcCreateUser: POST rpcCreateUser Remote Host[0:0:0:0:0:0:0:1] Remote Address[0:0:0:0:0:0:0:1] Remote Port[58854].
INFO  [2021-08-15 10:35:45,234] com.cttexpress.rest.resources.RpcCreateUser: POST rpcCreateUser Payload[
com.cttexpress.rest.representations.CreateUserRequest@6a7eedf8[
  custom_attributes={custom:ctt_client_code=TECHEDGE-01b}
  email=psanchosopranis@gmail.com
  name=Pablo Sancho-Sopranis Sampol
  phone_number=+34650711077
]
].
INFO  [2021-08-15 10:36:30,959] com.cttexpress.rest.auth.AppAuthorizer: Autorización otorgada para el usuario[admin1].
INFO  [2021-08-15 10:36:30,961] com.cttexpress.rest.resources.RpcCreateUser: POST rpcCreateUser Remote Host[0:0:0:0:0:0:0:1] Remote Address[0:0:0:0:0:0:0:1] Remote Port[58862].
INFO  [2021-08-15 10:36:30,969] com.cttexpress.rest.resources.RpcCreateUser: POST rpcCreateUser Payload[
com.cttexpress.rest.representations.CreateUserRequest@303e1ccd[
  custom_attributes={custom:ctt_client_code=TECHEDGE-01b, custom:ctt_agency_code=TECHEDGE-01a}
  email=psanchosopranis@gmail.com
  name=Pablo Sancho-Sopranis Sampol
  phone_number=+34650711077
]
].
INFO  [2021-08-15 10:36:38,023] com.cttexpress.rest.auth.AppAuthorizer: Autorización otorgada para el usuario[admin1].
INFO  [2021-08-15 10:36:38,067] com.cttexpress.rest.resources.RpcDeleteUser: POST rpcDeleteUser [psanchosopranis@gmail.com] Remote Host[0:0:0:0:0:0:0:1] Remote Address[0:0:0:0:0:0:0:1] Remote Port[58862].
INFO  [2021-08-15 10:36:50,729] com.cttexpress.rest.auth.AppAuthorizer: Autorización otorgada para el usuario[admin1].
INFO  [2021-08-15 10:36:50,730] com.cttexpress.rest.resources.RpcDeleteUser: POST rpcDeleteUser [psanchosopranis@gmail.com] Remote Host[0:0:0:0:0:0:0:1] Remote Address[0:0:0:0:0:0:0:1] Remote Port[58862].
INFO  [2021-08-15 10:37:00,438] com.cttexpress.rest.auth.AppAuthorizer: Autorización otorgada para el usuario[admin1].
INFO  [2021-08-15 10:37:00,440] com.cttexpress.rest.resources.RpcCreateUser: POST rpcCreateUser Remote Host[0:0:0:0:0:0:0:1] Remote Address[0:0:0:0:0:0:0:1] Remote Port[58862].
INFO  [2021-08-15 10:37:00,440] com.cttexpress.rest.resources.RpcCreateUser: POST rpcCreateUser Payload[
com.cttexpress.rest.representations.CreateUserRequest@de92f4c[
  custom_attributes={custom:ctt_client_code=TECHEDGE-01b, custom:ctt_agency_code1=TECHEDGE-01a}
  email=psanchosopranis@gmail.com
  name=Pablo Sancho-Sopranis Sampol
  phone_number=+34650711077
]
].
INFO  [2021-08-15 10:37:09,938] com.cttexpress.rest.auth.AppAuthorizer: Autorización otorgada para el usuario[admin1].
INFO  [2021-08-15 10:37:09,948] com.cttexpress.rest.resources.RpcCreateUser: POST rpcCreateUser Remote Host[0:0:0:0:0:0:0:1] Remote Address[0:0:0:0:0:0:0:1] Remote Port[58862].
INFO  [2021-08-15 10:37:09,949] com.cttexpress.rest.resources.RpcCreateUser: POST rpcCreateUser Payload[
com.cttexpress.rest.representations.CreateUserRequest@a11ce45[
  custom_attributes={custom:ctt_client_code=TECHEDGE-01b, custom:ctt_agency_code=TECHEDGE-01a}
  email=psanchosopranis@gmail.com
  name=Pablo Sancho-Sopranis Sampol
  phone_number=+34650711077
]
].
INFO  [2021-08-15 10:37:34,500] org.eclipse.jetty.server.AbstractConnector: Stopped application@78054f54{HTTP/1.1,[http/1.1]}{0.0.0.0:9000}
INFO  [2021-08-15 10:37:34,502] org.eclipse.jetty.server.AbstractConnector: Stopped admin@cb7fa71{HTTP/1.1,[http/1.1]}{0.0.0.0:9001}
INFO  [2021-08-15 10:37:34,505] org.eclipse.jetty.server.handler.ContextHandler: Stopped i.d.j.MutableServletContextHandler@7741d346{/admin,null,UNAVAILABLE}
INFO  [2021-08-15 10:37:34,516] org.eclipse.jetty.server.handler.ContextHandler: Stopped i.d.j.MutableServletContextHandler@2c748a15{/awscognitofacade/simple/v1,null,UNAVAILABLE}
INFO  [2021-08-15 10:46:46,431] io.dropwizard.server.DefaultServerFactory: Registering jersey handler with root path prefix: /awscognitofacade/simple/v1
INFO  [2021-08-15 10:46:46,435] io.dropwizard.server.DefaultServerFactory: Registering admin handler with root path prefix: /admin
INFO  [2021-08-15 10:46:46,435] com.cttexpress.MainApplication: Inicializando Usuarios de Gestión ...
INFO  [2021-08-15 10:46:46,840] com.cttexpress.MainApplication: Registrando recursos ...
INFO  [2021-08-15 10:46:46,848] com.cttexpress.MainApplication: Registrando recursos de Healthcheck ...
INFO  [2021-08-15 10:46:46,849] com.cttexpress.MainApplication: Registrando  CustomExceptionMapper...
INFO  [2021-08-15 10:46:46,850] com.cttexpress.MainApplication: Registrando BasicCredentialAuthFilter ...
INFO  [2021-08-15 10:46:46,860] io.dropwizard.server.ServerFactory: Starting MainApplication


        __  __       _                 __                                                      _ __        ____                     __
  _____/ /_/ /______(_)___ ___  ____  / /__  ____ __      ________________  ____  ____ _____  (_) /_____  / __/___ __________ _____/ /__
 / ___/ __/ __/ ___/ / __ `__ \/ __ \/ / _ \/ __ `/ | /| / / ___/ ___/ __ \/ __ \/ __ `/ __ \/ / __/ __ \/ /_/ __ `/ ___/ __ `/ __  / _ \
/ /__/ /_/ /_(__  ) / / / / / / /_/ / /  __/ /_/ /| |/ |/ (__  ) /__/ /_/ / / / / /_/ / / / / / /_/ /_/ / __/ /_/ / /__/ /_/ / /_/ /  __/
\___/\__/\__/____/_/_/ /_/ /_/ .___/_/\___/\__,_/ |__/|__/____/\___/\____/_/ /_/\__, /_/ /_/_/\__/\____/_/  \__,_/\___/\__,_/\__,_/\___/
                            /_/                                                /____/



INFO  [2021-08-15 10:46:46,961] org.eclipse.jetty.setuid.SetUIDListener: Opened application@78054f54{HTTP/1.1,[http/1.1]}{0.0.0.0:9000}
INFO  [2021-08-15 10:46:46,961] org.eclipse.jetty.setuid.SetUIDListener: Opened admin@cb7fa71{HTTP/1.1,[http/1.1]}{0.0.0.0:9001}
INFO  [2021-08-15 10:46:46,963] org.eclipse.jetty.server.Server: jetty-9.4.z-SNAPSHOT; built: 2019-04-29T20:42:08.989Z; git: e1bc35120a6617ee3df052294e433f3a25ce7097; jvm 1.8.0_292-8u292-b10-0ubuntu1~20.04-b10
INFO  [2021-08-15 10:46:47,432] io.dropwizard.jersey.DropwizardResourceConfig: The following paths were found for the configured resources:

    POST    /rpc-create-user (com.cttexpress.rest.resources.RpcCreateUser)
    POST    /rpc-delete-user/{userEmail} (com.cttexpress.rest.resources.RpcDeleteUser)
    POST    /rpc-disable-user/{userEmail} (com.cttexpress.rest.resources.RpcDisableUser)
    POST    /rpc-enable-user/{userEmail} (com.cttexpress.rest.resources.RpcEnableUser)
    POST    /rpc-force-user-password-reset/{userEmail} (com.cttexpress.rest.resources.RpcForceUserPasswordReset)

INFO  [2021-08-15 10:46:47,434] org.eclipse.jetty.server.handler.ContextHandler: Started i.d.j.MutableServletContextHandler@2c748a15{/awscognitofacade/simple/v1,null,AVAILABLE}
INFO  [2021-08-15 10:46:47,439] io.dropwizard.setup.AdminEnvironment: tasks = 

    POST    /tasks/log-level (io.dropwizard.servlets.tasks.LogConfigurationTask)
    POST    /tasks/gc (io.dropwizard.servlets.tasks.GarbageCollectionTask)

INFO  [2021-08-15 10:46:47,446] org.eclipse.jetty.server.handler.ContextHandler: Started i.d.j.MutableServletContextHandler@7741d346{/admin,null,AVAILABLE}
INFO  [2021-08-15 10:46:47,454] org.eclipse.jetty.server.AbstractConnector: Started application@78054f54{HTTP/1.1,[http/1.1]}{0.0.0.0:9000}
INFO  [2021-08-15 10:46:47,459] org.eclipse.jetty.server.AbstractConnector: Started admin@cb7fa71{HTTP/1.1,[http/1.1]}{0.0.0.0:9001}
INFO  [2021-08-15 10:46:47,460] org.eclipse.jetty.server.Server: Started @2595ms
INFO  [2021-08-15 10:46:57,409] com.cttexpress.rest.auth.AppAuthorizer: Autorización otorgada para el usuario[admin1].
INFO  [2021-08-15 10:46:57,442] com.cttexpress.rest.resources.RpcDeleteUser: POST rpcDeleteUser [psanchosopranis@gmail.com] Remote Host[0:0:0:0:0:0:0:1] Remote Address[0:0:0:0:0:0:0:1] Remote Port[58888].
INFO  [2021-08-15 10:47:13,071] com.cttexpress.rest.auth.AppAuthorizer: Autorización otorgada para el usuario[admin1].
INFO  [2021-08-15 10:47:13,134] com.cttexpress.rest.resources.RpcCreateUser: POST rpcCreateUser Remote Host[0:0:0:0:0:0:0:1] Remote Address[0:0:0:0:0:0:0:1] Remote Port[58888].
INFO  [2021-08-15 10:47:13,150] com.cttexpress.rest.resources.RpcCreateUser: POST rpcCreateUser Payload[
com.cttexpress.rest.representations.CreateUserRequest@4cc1fa96[
  custom_attributes={custom:ctt_client_code=TECHEDGE-01b, custom:ctt_agency_code=TECHEDGE-01a}
  email=psanchosopranis@gmail.com
  name=Pablo Sancho-Sopranis Sampol
  phone_number=+34650711077
]
].
INFO  [2021-08-15 10:47:58,803] com.cttexpress.rest.auth.AppAuthorizer: Autorización otorgada para el usuario[admin1].
INFO  [2021-08-15 10:47:58,812] com.cttexpress.rest.resources.RpcCreateUser: POST rpcCreateUser Remote Host[0:0:0:0:0:0:0:1] Remote Address[0:0:0:0:0:0:0:1] Remote Port[58896].
INFO  [2021-08-15 10:47:58,812] com.cttexpress.rest.resources.RpcCreateUser: POST rpcCreateUser Payload[
com.cttexpress.rest.representations.CreateUserRequest@5d851af6[
  custom_attributes={custom:ctt_client_code=TECHEDGE-01b, custom:ctt_agency_code=TECHEDGE-01a}
  email=psanchosopranis@gmail.com
  name=Pablo Sancho-Sopranis Sampol
  phone_number=+34650711077
]
].
INFO  [2021-08-15 10:48:11,727] com.cttexpress.rest.auth.AppAuthorizer: Autorización otorgada para el usuario[admin1].
INFO  [2021-08-15 10:48:11,728] com.cttexpress.rest.resources.RpcCreateUser: POST rpcCreateUser Remote Host[0:0:0:0:0:0:0:1] Remote Address[0:0:0:0:0:0:0:1] Remote Port[58896].
INFO  [2021-08-15 10:48:11,728] com.cttexpress.rest.resources.RpcCreateUser: POST rpcCreateUser Payload[
com.cttexpress.rest.representations.CreateUserRequest@66bd4f99[
  custom_attributes={custom:ctt_agency_code2=TECHEDGE-01a, custom:ctt_client_code=TECHEDGE-01b}
  email=psanchosopranis@gmail.com
  name=Pablo Sancho-Sopranis Sampol
  phone_number=+34650711077
]
].
INFO  [2021-08-15 10:48:19,667] com.cttexpress.rest.auth.AppAuthorizer: Autorización otorgada para el usuario[admin1].
INFO  [2021-08-15 10:48:19,669] com.cttexpress.rest.resources.RpcDeleteUser: POST rpcDeleteUser [psanchosopranis@gmail.com] Remote Host[0:0:0:0:0:0:0:1] Remote Address[0:0:0:0:0:0:0:1] Remote Port[58896].
INFO  [2021-08-15 10:48:26,004] com.cttexpress.rest.auth.AppAuthorizer: Autorización otorgada para el usuario[admin1].
INFO  [2021-08-15 10:48:26,004] com.cttexpress.rest.resources.RpcCreateUser: POST rpcCreateUser Remote Host[0:0:0:0:0:0:0:1] Remote Address[0:0:0:0:0:0:0:1] Remote Port[58896].
INFO  [2021-08-15 10:48:26,005] com.cttexpress.rest.resources.RpcCreateUser: POST rpcCreateUser Payload[
com.cttexpress.rest.representations.CreateUserRequest@3a84546[
  custom_attributes={custom:ctt_agency_code2=TECHEDGE-01a, custom:ctt_client_code=TECHEDGE-01b}
  email=psanchosopranis@gmail.com
  name=Pablo Sancho-Sopranis Sampol
  phone_number=+34650711077
]
].
INFO  [2021-08-15 10:48:37,557] com.cttexpress.rest.auth.AppAuthorizer: Autorización otorgada para el usuario[admin1].
INFO  [2021-08-15 10:48:37,563] com.cttexpress.rest.resources.RpcCreateUser: POST rpcCreateUser Remote Host[0:0:0:0:0:0:0:1] Remote Address[0:0:0:0:0:0:0:1] Remote Port[58896].
INFO  [2021-08-15 10:48:37,564] com.cttexpress.rest.resources.RpcCreateUser: POST rpcCreateUser Payload[
com.cttexpress.rest.representations.CreateUserRequest@639f689c[
  custom_attributes={custom:ctt_client_code=TECHEDGE-01b, custom:ctt_agency_code=TECHEDGE-01a}
  email=psanchosopranis@gmail.com
  name=Pablo Sancho-Sopranis Sampol
  phone_number=+34650711077
]
].
INFO  [2021-08-15 11:02:15,948] org.eclipse.jetty.server.AbstractConnector: Stopped application@78054f54{HTTP/1.1,[http/1.1]}{0.0.0.0:9000}
INFO  [2021-08-15 11:02:15,951] org.eclipse.jetty.server.AbstractConnector: Stopped admin@cb7fa71{HTTP/1.1,[http/1.1]}{0.0.0.0:9001}
INFO  [2021-08-15 11:02:15,956] org.eclipse.jetty.server.handler.ContextHandler: Stopped i.d.j.MutableServletContextHandler@7741d346{/admin,null,UNAVAILABLE}
INFO  [2021-08-15 11:02:15,971] org.eclipse.jetty.server.handler.ContextHandler: Stopped i.d.j.MutableServletContextHandler@2c748a15{/awscognitofacade/simple/v1,null,UNAVAILABLE}
INFO  [2021-08-15 11:20:34,940] io.dropwizard.server.DefaultServerFactory: Registering jersey handler with root path prefix: /awscognitofacade/simple/v1
INFO  [2021-08-15 11:20:34,944] io.dropwizard.server.DefaultServerFactory: Registering admin handler with root path prefix: /admin
INFO  [2021-08-15 11:20:34,944] com.cttexpress.MainApplication: Inicializando Usuarios de Gestión ...
INFO  [2021-08-15 11:20:35,377] com.cttexpress.MainApplication: Registrando recursos ...
INFO  [2021-08-15 11:20:35,386] com.cttexpress.MainApplication: Registrando recursos de Healthcheck ...
INFO  [2021-08-15 11:20:35,386] com.cttexpress.MainApplication: Registrando  CustomExceptionMapper...
INFO  [2021-08-15 11:20:35,387] com.cttexpress.MainApplication: Registrando BasicCredentialAuthFilter ...
INFO  [2021-08-15 11:20:35,399] io.dropwizard.server.ServerFactory: Starting MainApplication


        __  __       _                 __                                                      _ __        ____                     __
  _____/ /_/ /______(_)___ ___  ____  / /__  ____ __      ________________  ____  ____ _____  (_) /_____  / __/___ __________ _____/ /__
 / ___/ __/ __/ ___/ / __ `__ \/ __ \/ / _ \/ __ `/ | /| / / ___/ ___/ __ \/ __ \/ __ `/ __ \/ / __/ __ \/ /_/ __ `/ ___/ __ `/ __  / _ \
/ /__/ /_/ /_(__  ) / / / / / / /_/ / /  __/ /_/ /| |/ |/ (__  ) /__/ /_/ / / / / /_/ / / / / / /_/ /_/ / __/ /_/ / /__/ /_/ / /_/ /  __/
\___/\__/\__/____/_/_/ /_/ /_/ .___/_/\___/\__,_/ |__/|__/____/\___/\____/_/ /_/\__, /_/ /_/_/\__/\____/_/  \__,_/\___/\__,_/\__,_/\___/
                            /_/                                                /____/



INFO  [2021-08-15 11:20:35,479] org.eclipse.jetty.setuid.SetUIDListener: Opened application@78054f54{HTTP/1.1,[http/1.1]}{0.0.0.0:9000}
INFO  [2021-08-15 11:20:35,479] org.eclipse.jetty.setuid.SetUIDListener: Opened admin@cb7fa71{HTTP/1.1,[http/1.1]}{0.0.0.0:9001}
INFO  [2021-08-15 11:20:35,481] org.eclipse.jetty.server.Server: jetty-9.4.z-SNAPSHOT; built: 2019-04-29T20:42:08.989Z; git: e1bc35120a6617ee3df052294e433f3a25ce7097; jvm 1.8.0_292-8u292-b10-0ubuntu1~20.04-b10
INFO  [2021-08-15 11:20:36,003] io.dropwizard.jersey.DropwizardResourceConfig: The following paths were found for the configured resources:

    POST    /rpc-create-user (com.cttexpress.rest.resources.RpcCreateUser)
    POST    /rpc-delete-user/{userEmail} (com.cttexpress.rest.resources.RpcDeleteUser)
    POST    /rpc-disable-user/{userEmail} (com.cttexpress.rest.resources.RpcDisableUser)
    POST    /rpc-enable-user/{userEmail} (com.cttexpress.rest.resources.RpcEnableUser)
    POST    /rpc-force-user-password-reset/{userEmail} (com.cttexpress.rest.resources.RpcForceUserPasswordReset)

INFO  [2021-08-15 11:20:36,005] org.eclipse.jetty.server.handler.ContextHandler: Started i.d.j.MutableServletContextHandler@2c748a15{/awscognitofacade/simple/v1,null,AVAILABLE}
INFO  [2021-08-15 11:20:36,012] io.dropwizard.setup.AdminEnvironment: tasks = 

    POST    /tasks/log-level (io.dropwizard.servlets.tasks.LogConfigurationTask)
    POST    /tasks/gc (io.dropwizard.servlets.tasks.GarbageCollectionTask)

INFO  [2021-08-15 11:20:36,022] org.eclipse.jetty.server.handler.ContextHandler: Started i.d.j.MutableServletContextHandler@7741d346{/admin,null,AVAILABLE}
INFO  [2021-08-15 11:20:36,033] org.eclipse.jetty.server.AbstractConnector: Started application@78054f54{HTTP/1.1,[http/1.1]}{0.0.0.0:9000}
INFO  [2021-08-15 11:20:36,041] org.eclipse.jetty.server.AbstractConnector: Started admin@cb7fa71{HTTP/1.1,[http/1.1]}{0.0.0.0:9001}
INFO  [2021-08-15 11:20:36,041] org.eclipse.jetty.server.Server: Started @2558ms
INFO  [2021-08-15 11:20:46,763] org.eclipse.jetty.server.AbstractConnector: Stopped application@78054f54{HTTP/1.1,[http/1.1]}{0.0.0.0:9000}
INFO  [2021-08-15 11:20:46,764] org.eclipse.jetty.server.AbstractConnector: Stopped admin@cb7fa71{HTTP/1.1,[http/1.1]}{0.0.0.0:9001}
INFO  [2021-08-15 11:20:46,768] org.eclipse.jetty.server.handler.ContextHandler: Stopped i.d.j.MutableServletContextHandler@7741d346{/admin,null,UNAVAILABLE}
INFO  [2021-08-15 11:20:46,778] org.eclipse.jetty.server.handler.ContextHandler: Stopped i.d.j.MutableServletContextHandler@2c748a15{/awscognitofacade/simple/v1,null,UNAVAILABLE}
INFO  [2021-08-15 11:20:49,833] io.dropwizard.server.DefaultServerFactory: Registering jersey handler with root path prefix: /awscognitofacade/simple/v1
INFO  [2021-08-15 11:20:49,835] io.dropwizard.server.DefaultServerFactory: Registering admin handler with root path prefix: /admin
INFO  [2021-08-15 11:20:49,835] com.cttexpress.MainApplication: Inicializando Usuarios de Gestión ...
INFO  [2021-08-15 11:20:50,222] com.cttexpress.MainApplication: Registrando recursos ...
INFO  [2021-08-15 11:20:50,230] com.cttexpress.MainApplication: Registrando recursos de Healthcheck ...
INFO  [2021-08-15 11:20:50,230] com.cttexpress.MainApplication: Registrando  CustomExceptionMapper...
INFO  [2021-08-15 11:20:50,231] com.cttexpress.MainApplication: Registrando BasicCredentialAuthFilter ...
INFO  [2021-08-15 11:20:50,240] io.dropwizard.server.ServerFactory: Starting MainApplication


        __  __       _                 __                                                      _ __        ____                     __
  _____/ /_/ /______(_)___ ___  ____  / /__  ____ __      ________________  ____  ____ _____  (_) /_____  / __/___ __________ _____/ /__
 / ___/ __/ __/ ___/ / __ `__ \/ __ \/ / _ \/ __ `/ | /| / / ___/ ___/ __ \/ __ \/ __ `/ __ \/ / __/ __ \/ /_/ __ `/ ___/ __ `/ __  / _ \
/ /__/ /_/ /_(__  ) / / / / / / /_/ / /  __/ /_/ /| |/ |/ (__  ) /__/ /_/ / / / / /_/ / / / / / /_/ /_/ / __/ /_/ / /__/ /_/ / /_/ /  __/
\___/\__/\__/____/_/_/ /_/ /_/ .___/_/\___/\__,_/ |__/|__/____/\___/\____/_/ /_/\__, /_/ /_/_/\__/\____/_/  \__,_/\___/\__,_/\__,_/\___/
                            /_/                                                /____/



INFO  [2021-08-15 11:20:50,335] org.eclipse.jetty.setuid.SetUIDListener: Opened application@78054f54{HTTP/1.1,[http/1.1]}{0.0.0.0:9000}
INFO  [2021-08-15 11:20:50,335] org.eclipse.jetty.setuid.SetUIDListener: Opened admin@cb7fa71{HTTP/1.1,[http/1.1]}{0.0.0.0:9001}
INFO  [2021-08-15 11:20:50,337] org.eclipse.jetty.server.Server: jetty-9.4.z-SNAPSHOT; built: 2019-04-29T20:42:08.989Z; git: e1bc35120a6617ee3df052294e433f3a25ce7097; jvm 1.8.0_292-8u292-b10-0ubuntu1~20.04-b10
INFO  [2021-08-15 11:20:50,940] io.dropwizard.jersey.DropwizardResourceConfig: The following paths were found for the configured resources:

    POST    /rpc-create-user (com.cttexpress.rest.resources.RpcCreateUser)
    POST    /rpc-delete-user/{userEmail} (com.cttexpress.rest.resources.RpcDeleteUser)
    POST    /rpc-disable-user/{userEmail} (com.cttexpress.rest.resources.RpcDisableUser)
    POST    /rpc-enable-user/{userEmail} (com.cttexpress.rest.resources.RpcEnableUser)
    POST    /rpc-force-user-password-reset/{userEmail} (com.cttexpress.rest.resources.RpcForceUserPasswordReset)

INFO  [2021-08-15 11:20:50,941] org.eclipse.jetty.server.handler.ContextHandler: Started i.d.j.MutableServletContextHandler@2c748a15{/awscognitofacade/simple/v1,null,AVAILABLE}
INFO  [2021-08-15 11:20:50,946] io.dropwizard.setup.AdminEnvironment: tasks = 

    POST    /tasks/log-level (io.dropwizard.servlets.tasks.LogConfigurationTask)
    POST    /tasks/gc (io.dropwizard.servlets.tasks.GarbageCollectionTask)

INFO  [2021-08-15 11:20:50,950] org.eclipse.jetty.server.handler.ContextHandler: Started i.d.j.MutableServletContextHandler@7741d346{/admin,null,AVAILABLE}
INFO  [2021-08-15 11:20:50,959] org.eclipse.jetty.server.AbstractConnector: Started application@78054f54{HTTP/1.1,[http/1.1]}{0.0.0.0:9000}
INFO  [2021-08-15 11:20:50,960] org.eclipse.jetty.server.AbstractConnector: Started admin@cb7fa71{HTTP/1.1,[http/1.1]}{0.0.0.0:9001}
INFO  [2021-08-15 11:20:50,960] org.eclipse.jetty.server.Server: Started @2401ms
INFO  [2021-08-15 11:20:58,219] org.eclipse.jetty.server.AbstractConnector: Stopped application@78054f54{HTTP/1.1,[http/1.1]}{0.0.0.0:9000}
INFO  [2021-08-15 11:20:58,222] org.eclipse.jetty.server.AbstractConnector: Stopped admin@cb7fa71{HTTP/1.1,[http/1.1]}{0.0.0.0:9001}
INFO  [2021-08-15 11:20:58,225] org.eclipse.jetty.server.handler.ContextHandler: Stopped i.d.j.MutableServletContextHandler@7741d346{/admin,null,UNAVAILABLE}
INFO  [2021-08-15 11:20:58,233] org.eclipse.jetty.server.handler.ContextHandler: Stopped i.d.j.MutableServletContextHandler@2c748a15{/awscognitofacade/simple/v1,null,UNAVAILABLE}
INFO  [2021-08-15 11:21:55,370] io.dropwizard.server.DefaultServerFactory: Registering jersey handler with root path prefix: /awscognitofacade/simple/v1
INFO  [2021-08-15 11:21:55,372] io.dropwizard.server.DefaultServerFactory: Registering admin handler with root path prefix: /admin
INFO  [2021-08-15 11:21:55,372] com.cttexpress.MainApplication: Inicializando Usuarios de Gestión ...
INFO  [2021-08-15 11:21:55,767] com.cttexpress.MainApplication: Registrando recursos ...
INFO  [2021-08-15 11:21:55,775] com.cttexpress.MainApplication: Registrando recursos de Healthcheck ...
INFO  [2021-08-15 11:21:55,775] com.cttexpress.MainApplication: Registrando  CustomExceptionMapper...
INFO  [2021-08-15 11:21:55,776] com.cttexpress.MainApplication: Registrando BasicCredentialAuthFilter ...
INFO  [2021-08-15 11:21:55,784] io.dropwizard.server.ServerFactory: Starting MainApplication


        __  __       _                 __                                                      _ __        ____                     __
  _____/ /_/ /______(_)___ ___  ____  / /__  ____ __      ________________  ____  ____ _____  (_) /_____  / __/___ __________ _____/ /__
 / ___/ __/ __/ ___/ / __ `__ \/ __ \/ / _ \/ __ `/ | /| / / ___/ ___/ __ \/ __ \/ __ `/ __ \/ / __/ __ \/ /_/ __ `/ ___/ __ `/ __  / _ \
/ /__/ /_/ /_(__  ) / / / / / / /_/ / /  __/ /_/ /| |/ |/ (__  ) /__/ /_/ / / / / /_/ / / / / / /_/ /_/ / __/ /_/ / /__/ /_/ / /_/ /  __/
\___/\__/\__/____/_/_/ /_/ /_/ .___/_/\___/\__,_/ |__/|__/____/\___/\____/_/ /_/\__, /_/ /_/_/\__/\____/_/  \__,_/\___/\__,_/\__,_/\___/
                            /_/                                                /____/



INFO  [2021-08-15 11:21:55,867] org.eclipse.jetty.setuid.SetUIDListener: Opened application@78054f54{HTTP/1.1,[http/1.1]}{0.0.0.0:9000}
INFO  [2021-08-15 11:21:55,867] org.eclipse.jetty.setuid.SetUIDListener: Opened admin@cb7fa71{HTTP/1.1,[http/1.1]}{0.0.0.0:9001}
INFO  [2021-08-15 11:21:55,869] org.eclipse.jetty.server.Server: jetty-9.4.z-SNAPSHOT; built: 2019-04-29T20:42:08.989Z; git: e1bc35120a6617ee3df052294e433f3a25ce7097; jvm 1.8.0_292-8u292-b10-0ubuntu1~20.04-b10
INFO  [2021-08-15 11:21:56,477] io.dropwizard.jersey.DropwizardResourceConfig: The following paths were found for the configured resources:

    POST    /rpc-create-user (com.cttexpress.rest.resources.RpcCreateUser)
    POST    /rpc-delete-user/{userEmail} (com.cttexpress.rest.resources.RpcDeleteUser)
    POST    /rpc-disable-user/{userEmail} (com.cttexpress.rest.resources.RpcDisableUser)
    POST    /rpc-enable-user/{userEmail} (com.cttexpress.rest.resources.RpcEnableUser)
    POST    /rpc-force-user-password-reset/{userEmail} (com.cttexpress.rest.resources.RpcForceUserPasswordReset)

INFO  [2021-08-15 11:21:56,479] org.eclipse.jetty.server.handler.ContextHandler: Started i.d.j.MutableServletContextHandler@2c748a15{/awscognitofacade/simple/v1,null,AVAILABLE}
INFO  [2021-08-15 11:21:56,486] io.dropwizard.setup.AdminEnvironment: tasks = 

    POST    /tasks/log-level (io.dropwizard.servlets.tasks.LogConfigurationTask)
    POST    /tasks/gc (io.dropwizard.servlets.tasks.GarbageCollectionTask)

INFO  [2021-08-15 11:21:56,495] org.eclipse.jetty.server.handler.ContextHandler: Started i.d.j.MutableServletContextHandler@7741d346{/admin,null,AVAILABLE}
INFO  [2021-08-15 11:21:56,508] org.eclipse.jetty.server.AbstractConnector: Started application@78054f54{HTTP/1.1,[http/1.1]}{0.0.0.0:9000}
INFO  [2021-08-15 11:21:56,515] org.eclipse.jetty.server.AbstractConnector: Started admin@cb7fa71{HTTP/1.1,[http/1.1]}{0.0.0.0:9001}
INFO  [2021-08-15 11:21:56,516] org.eclipse.jetty.server.Server: Started @2631ms
INFO  [2021-08-15 11:22:02,798] org.eclipse.jetty.server.AbstractConnector: Stopped application@78054f54{HTTP/1.1,[http/1.1]}{0.0.0.0:9000}
INFO  [2021-08-15 11:22:02,800] org.eclipse.jetty.server.AbstractConnector: Stopped admin@cb7fa71{HTTP/1.1,[http/1.1]}{0.0.0.0:9001}
INFO  [2021-08-15 11:22:02,804] org.eclipse.jetty.server.handler.ContextHandler: Stopped i.d.j.MutableServletContextHandler@7741d346{/admin,null,UNAVAILABLE}
INFO  [2021-08-15 11:22:02,819] org.eclipse.jetty.server.handler.ContextHandler: Stopped i.d.j.MutableServletContextHandler@2c748a15{/awscognitofacade/simple/v1,null,UNAVAILABLE}
INFO  [2021-08-15 11:23:29,803] io.dropwizard.server.DefaultServerFactory: Registering jersey handler with root path prefix: /awscognitofacade/simple/v1
INFO  [2021-08-15 11:23:29,806] io.dropwizard.server.DefaultServerFactory: Registering admin handler with root path prefix: /admin
INFO  [2021-08-15 11:23:29,806] com.cttexpress.MainApplication: Inicializando Usuarios de Gestión ...
INFO  [2021-08-15 11:23:30,214] com.cttexpress.MainApplication: Registrando recursos ...
INFO  [2021-08-15 11:23:30,222] com.cttexpress.MainApplication: Registrando recursos de Healthcheck ...
INFO  [2021-08-15 11:23:30,222] com.cttexpress.MainApplication: Registrando  CustomExceptionMapper...
INFO  [2021-08-15 11:23:30,223] com.cttexpress.MainApplication: Registrando BasicCredentialAuthFilter ...
INFO  [2021-08-15 11:23:30,232] io.dropwizard.server.ServerFactory: Starting MainApplication


        __  __       _                 __                                                      _ __        ____                     __
  _____/ /_/ /______(_)___ ___  ____  / /__  ____ __      ________________  ____  ____ _____  (_) /_____  / __/___ __________ _____/ /__
 / ___/ __/ __/ ___/ / __ `__ \/ __ \/ / _ \/ __ `/ | /| / / ___/ ___/ __ \/ __ \/ __ `/ __ \/ / __/ __ \/ /_/ __ `/ ___/ __ `/ __  / _ \
/ /__/ /_/ /_(__  ) / / / / / / /_/ / /  __/ /_/ /| |/ |/ (__  ) /__/ /_/ / / / / /_/ / / / / / /_/ /_/ / __/ /_/ / /__/ /_/ / /_/ /  __/
\___/\__/\__/____/_/_/ /_/ /_/ .___/_/\___/\__,_/ |__/|__/____/\___/\____/_/ /_/\__, /_/ /_/_/\__/\____/_/  \__,_/\___/\__,_/\__,_/\___/
                            /_/                                                /____/



INFO  [2021-08-15 11:23:30,313] org.eclipse.jetty.setuid.SetUIDListener: Opened application@561b61ed{HTTP/1.1,[http/1.1]}{0.0.0.0:9000}
INFO  [2021-08-15 11:23:30,314] org.eclipse.jetty.setuid.SetUIDListener: Opened admin@654c7d2d{HTTP/1.1,[http/1.1]}{0.0.0.0:9001}
INFO  [2021-08-15 11:23:30,315] org.eclipse.jetty.server.Server: jetty-9.4.z-SNAPSHOT; built: 2019-04-29T20:42:08.989Z; git: e1bc35120a6617ee3df052294e433f3a25ce7097; jvm 1.8.0_292-8u292-b10-0ubuntu1~20.04-b10
INFO  [2021-08-15 11:23:30,766] io.dropwizard.jersey.DropwizardResourceConfig: The following paths were found for the configured resources:

    POST    /rpc-create-user (com.cttexpress.rest.resources.RpcCreateUser)
    POST    /rpc-delete-user/{userEmail} (com.cttexpress.rest.resources.RpcDeleteUser)
    POST    /rpc-disable-user/{userEmail} (com.cttexpress.rest.resources.RpcDisableUser)
    POST    /rpc-enable-user/{userEmail} (com.cttexpress.rest.resources.RpcEnableUser)
    POST    /rpc-force-user-password-reset/{userEmail} (com.cttexpress.rest.resources.RpcForceUserPasswordReset)
    POST    /rpc-update-user-attributes/{userEmail} (com.cttexpress.rest.resources.RpcUpdateUserAttributes)

INFO  [2021-08-15 11:23:30,767] org.eclipse.jetty.server.handler.ContextHandler: Started i.d.j.MutableServletContextHandler@42507640{/awscognitofacade/simple/v1,null,AVAILABLE}
INFO  [2021-08-15 11:23:30,771] io.dropwizard.setup.AdminEnvironment: tasks = 

    POST    /tasks/log-level (io.dropwizard.servlets.tasks.LogConfigurationTask)
    POST    /tasks/gc (io.dropwizard.servlets.tasks.GarbageCollectionTask)

INFO  [2021-08-15 11:23:30,776] org.eclipse.jetty.server.handler.ContextHandler: Started i.d.j.MutableServletContextHandler@3e214105{/admin,null,AVAILABLE}
INFO  [2021-08-15 11:23:30,791] org.eclipse.jetty.server.AbstractConnector: Started application@561b61ed{HTTP/1.1,[http/1.1]}{0.0.0.0:9000}
INFO  [2021-08-15 11:23:30,792] org.eclipse.jetty.server.AbstractConnector: Started admin@654c7d2d{HTTP/1.1,[http/1.1]}{0.0.0.0:9001}
INFO  [2021-08-15 11:23:30,792] org.eclipse.jetty.server.Server: Started @2297ms
INFO  [2021-08-15 11:23:49,639] com.cttexpress.rest.auth.AppAuthorizer: Autorización otorgada para el usuario[admin1].
INFO  [2021-08-15 11:23:49,706] com.cttexpress.rest.resources.RpcUpdateUserAttributes: POST rpcUpdateUserAttributes email[psanchosopranis@gmail.com] Remote Host[0:0:0:0:0:0:0:1] Remote Address[0:0:0:0:0:0:0:1] Remote Port[52462].
INFO  [2021-08-15 11:23:49,752] com.cttexpress.rest.resources.RpcUpdateUserAttributes: POST rpcUpdateUserAttributes Payload[
com.cttexpress.rest.representations.UpdateUserAttributesRequest@4bc68d75[
  custom_attributes={custom:ctt_client_code=TECHEDGE-01c, custom:ctt_agency_code=TECHEDGE-01d}
  name=Pablo SanchoSopranis Sampol
  phone_number=+34650711079
]
].
INFO  [2021-08-15 11:25:53,386] com.cttexpress.rest.auth.AppAuthorizer: Autorización otorgada para el usuario[admin1].
INFO  [2021-08-15 11:25:53,391] com.cttexpress.rest.resources.RpcUpdateUserAttributes: POST rpcUpdateUserAttributes email[psanchosopranis@gmail.com] Remote Host[0:0:0:0:0:0:0:1] Remote Address[0:0:0:0:0:0:0:1] Remote Port[52478].
INFO  [2021-08-15 11:25:53,391] com.cttexpress.rest.resources.RpcUpdateUserAttributes: POST rpcUpdateUserAttributes Payload[
com.cttexpress.rest.representations.UpdateUserAttributesRequest@5bd833b7[
  custom_attributes={custom:ctt_client_code=TECHEDGE-01e, custom:ctt_agency_code=TECHEDGE-01f}
  name=Pablo SanchoSopranis Sampol
  phone_number=+34650711077
]
].
INFO  [2021-08-15 11:26:21,275] com.cttexpress.rest.auth.AppAuthorizer: Autorización otorgada para el usuario[admin1].
INFO  [2021-08-15 11:26:21,277] com.cttexpress.rest.resources.RpcUpdateUserAttributes: POST rpcUpdateUserAttributes email[psanchosopranis@gmail.com] Remote Host[0:0:0:0:0:0:0:1] Remote Address[0:0:0:0:0:0:0:1] Remote Port[52478].
INFO  [2021-08-15 11:26:21,278] com.cttexpress.rest.resources.RpcUpdateUserAttributes: POST rpcUpdateUserAttributes Payload[
com.cttexpress.rest.representations.UpdateUserAttributesRequest@ef149de[
  custom_attributes={custom:ctt_client_code=TECHEDGE-01g}
  name=Pablo SanchoSopranis Sampol
  phone_number=+34650711077
]
].
INFO  [2021-08-15 11:26:52,845] com.cttexpress.rest.auth.AppAuthorizer: Autorización otorgada para el usuario[admin1].
INFO  [2021-08-15 11:26:52,847] com.cttexpress.rest.resources.RpcUpdateUserAttributes: POST rpcUpdateUserAttributes email[psanchosopranis@gmail.com] Remote Host[0:0:0:0:0:0:0:1] Remote Address[0:0:0:0:0:0:0:1] Remote Port[52486].
INFO  [2021-08-15 11:26:52,847] com.cttexpress.rest.resources.RpcUpdateUserAttributes: POST rpcUpdateUserAttributes Payload[
com.cttexpress.rest.representations.UpdateUserAttributesRequest@2e5e551f[
  custom_attributes={custom:ctt_client_code=TECHEDGE-01g, custom:ctt_agency_code=TECHEDGE-01f}
  name=<null>
  phone_number=<null>
]
].
INFO  [2021-08-15 11:27:24,044] com.cttexpress.rest.auth.AppAuthorizer: Autorización otorgada para el usuario[admin1].
INFO  [2021-08-15 11:27:24,052] com.cttexpress.rest.resources.RpcDeleteUser: POST rpcDeleteUser [psanchosopranis@gmail.com] Remote Host[0:0:0:0:0:0:0:1] Remote Address[0:0:0:0:0:0:0:1] Remote Port[52490].
INFO  [2021-08-15 11:27:30,733] com.cttexpress.rest.auth.AppAuthorizer: Autorización otorgada para el usuario[admin1].
INFO  [2021-08-15 11:27:30,738] com.cttexpress.rest.resources.RpcUpdateUserAttributes: POST rpcUpdateUserAttributes email[psanchosopranis@gmail.com] Remote Host[0:0:0:0:0:0:0:1] Remote Address[0:0:0:0:0:0:0:1] Remote Port[52490].
INFO  [2021-08-15 11:27:30,738] com.cttexpress.rest.resources.RpcUpdateUserAttributes: POST rpcUpdateUserAttributes Payload[
com.cttexpress.rest.representations.UpdateUserAttributesRequest@58d263e0[
  custom_attributes={custom:ctt_client_code=TECHEDGE-01g, custom:ctt_agency_code=TECHEDGE-01f}
  name=Pablo SanchoSopranis Sampol
  phone_number=+34650711077
]
].
INFO  [2021-08-15 11:27:39,108] com.cttexpress.rest.auth.AppAuthorizer: Autorización otorgada para el usuario[admin1].
INFO  [2021-08-15 11:27:39,129] com.cttexpress.rest.resources.RpcCreateUser: POST rpcCreateUser Remote Host[0:0:0:0:0:0:0:1] Remote Address[0:0:0:0:0:0:0:1] Remote Port[52490].
INFO  [2021-08-15 11:27:39,129] com.cttexpress.rest.resources.RpcCreateUser: POST rpcCreateUser Payload[
com.cttexpress.rest.representations.CreateUserRequest@779a9fc6[
  custom_attributes={custom:ctt_client_code=TECHEDGE-01b, custom:ctt_agency_code=TECHEDGE-01a}
  email=psanchosopranis@gmail.com
  name=Pablo Sancho-Sopranis Sampol
  phone_number=+34650711077
]
].
INFO  [2021-08-15 11:27:51,376] com.cttexpress.rest.auth.AppAuthorizer: Autorización otorgada para el usuario[admin1].
INFO  [2021-08-15 11:27:51,389] com.cttexpress.rest.resources.RpcUpdateUserAttributes: POST rpcUpdateUserAttributes email[psanchosopranis@gmail.com] Remote Host[0:0:0:0:0:0:0:1] Remote Address[0:0:0:0:0:0:0:1] Remote Port[52490].
INFO  [2021-08-15 11:27:51,389] com.cttexpress.rest.resources.RpcUpdateUserAttributes: POST rpcUpdateUserAttributes Payload[
com.cttexpress.rest.representations.UpdateUserAttributesRequest@2a98f252[
  custom_attributes={custom:ctt_agency_code=TECHEDGE-01f, custom:ctt_client_code1=TECHEDGE-01g}
  name=Pablo SanchoSopranis Sampol
  phone_number=+34650711077
]
].
INFO  [2021-08-15 11:28:00,718] com.cttexpress.rest.auth.AppAuthorizer: Autorización otorgada para el usuario[admin1].
INFO  [2021-08-15 11:28:00,724] com.cttexpress.rest.resources.RpcUpdateUserAttributes: POST rpcUpdateUserAttributes email[psanchosopranis@gmail.com] Remote Host[0:0:0:0:0:0:0:1] Remote Address[0:0:0:0:0:0:0:1] Remote Port[52490].
INFO  [2021-08-15 11:28:00,725] com.cttexpress.rest.resources.RpcUpdateUserAttributes: POST rpcUpdateUserAttributes Payload[
com.cttexpress.rest.representations.UpdateUserAttributesRequest@263cd77f[
  custom_attributes={custom:ctt_client_code=TECHEDGE-01g, custom:ctt_agency_code=TECHEDGE-01f}
  name=Pablo SanchoSopranis Sampol
  phone_number=+34650711077
]
].
INFO  [2021-08-15 11:28:30,829] org.eclipse.jetty.server.AbstractConnector: Stopped application@561b61ed{HTTP/1.1,[http/1.1]}{0.0.0.0:9000}
INFO  [2021-08-15 11:28:30,837] org.eclipse.jetty.server.AbstractConnector: Stopped admin@654c7d2d{HTTP/1.1,[http/1.1]}{0.0.0.0:9001}
INFO  [2021-08-15 11:28:30,840] org.eclipse.jetty.server.handler.ContextHandler: Stopped i.d.j.MutableServletContextHandler@3e214105{/admin,null,UNAVAILABLE}
INFO  [2021-08-15 11:28:30,853] org.eclipse.jetty.server.handler.ContextHandler: Stopped i.d.j.MutableServletContextHandler@42507640{/awscognitofacade/simple/v1,null,UNAVAILABLE}
INFO  [2021-08-15 11:34:02,460] io.dropwizard.server.DefaultServerFactory: Registering jersey handler with root path prefix: /awscognitofacade/simple/v1
INFO  [2021-08-15 11:34:02,462] io.dropwizard.server.DefaultServerFactory: Registering admin handler with root path prefix: /admin
INFO  [2021-08-15 11:34:02,462] com.cttexpress.MainApplication: Inicializando Usuarios de Gestión ...
INFO  [2021-08-15 11:34:02,857] com.cttexpress.MainApplication: Registrando recursos ...
INFO  [2021-08-15 11:34:02,865] com.cttexpress.MainApplication: Registrando recursos de Healthcheck ...
INFO  [2021-08-15 11:34:02,865] com.cttexpress.MainApplication: Registrando  CustomExceptionMapper...
INFO  [2021-08-15 11:34:02,867] com.cttexpress.MainApplication: Registrando BasicCredentialAuthFilter ...
INFO  [2021-08-15 11:34:02,876] io.dropwizard.server.ServerFactory: Starting MainApplication


        __  __       _                 __                                                      _ __        ____                     __
  _____/ /_/ /______(_)___ ___  ____  / /__  ____ __      ________________  ____  ____ _____  (_) /_____  / __/___ __________ _____/ /__
 / ___/ __/ __/ ___/ / __ `__ \/ __ \/ / _ \/ __ `/ | /| / / ___/ ___/ __ \/ __ \/ __ `/ __ \/ / __/ __ \/ /_/ __ `/ ___/ __ `/ __  / _ \
/ /__/ /_/ /_(__  ) / / / / / / /_/ / /  __/ /_/ /| |/ |/ (__  ) /__/ /_/ / / / / /_/ / / / / / /_/ /_/ / __/ /_/ / /__/ /_/ / /_/ /  __/
\___/\__/\__/____/_/_/ /_/ /_/ .___/_/\___/\__,_/ |__/|__/____/\___/\____/_/ /_/\__, /_/ /_/_/\__/\____/_/  \__,_/\___/\__,_/\__,_/\___/
                            /_/                                                /____/



INFO  [2021-08-15 11:34:02,951] org.eclipse.jetty.setuid.SetUIDListener: Opened application@561b61ed{HTTP/1.1,[http/1.1]}{0.0.0.0:9000}
INFO  [2021-08-15 11:34:02,951] org.eclipse.jetty.setuid.SetUIDListener: Opened admin@654c7d2d{HTTP/1.1,[http/1.1]}{0.0.0.0:9001}
INFO  [2021-08-15 11:34:02,953] org.eclipse.jetty.server.Server: jetty-9.4.z-SNAPSHOT; built: 2019-04-29T20:42:08.989Z; git: e1bc35120a6617ee3df052294e433f3a25ce7097; jvm 1.8.0_292-8u292-b10-0ubuntu1~20.04-b10
INFO  [2021-08-15 11:34:03,468] io.dropwizard.jersey.DropwizardResourceConfig: The following paths were found for the configured resources:

    POST    /rpc-create-user (com.cttexpress.rest.resources.RpcCreateUser)
    POST    /rpc-delete-user/{userEmail} (com.cttexpress.rest.resources.RpcDeleteUser)
    POST    /rpc-disable-user/{userEmail} (com.cttexpress.rest.resources.RpcDisableUser)
    POST    /rpc-enable-user/{userEmail} (com.cttexpress.rest.resources.RpcEnableUser)
    POST    /rpc-force-user-password-reset/{userEmail} (com.cttexpress.rest.resources.RpcForceUserPasswordReset)
    POST    /rpc-update-user-attributes/{userEmail} (com.cttexpress.rest.resources.RpcUpdateUserAttributes)

INFO  [2021-08-15 11:34:03,469] org.eclipse.jetty.server.handler.ContextHandler: Started i.d.j.MutableServletContextHandler@42507640{/awscognitofacade/simple/v1,null,AVAILABLE}
INFO  [2021-08-15 11:34:03,473] io.dropwizard.setup.AdminEnvironment: tasks = 

    POST    /tasks/log-level (io.dropwizard.servlets.tasks.LogConfigurationTask)
    POST    /tasks/gc (io.dropwizard.servlets.tasks.GarbageCollectionTask)

INFO  [2021-08-15 11:34:03,479] org.eclipse.jetty.server.handler.ContextHandler: Started i.d.j.MutableServletContextHandler@3e214105{/admin,null,AVAILABLE}
INFO  [2021-08-15 11:34:03,487] org.eclipse.jetty.server.AbstractConnector: Started application@561b61ed{HTTP/1.1,[http/1.1]}{0.0.0.0:9000}
INFO  [2021-08-15 11:34:03,489] org.eclipse.jetty.server.AbstractConnector: Started admin@654c7d2d{HTTP/1.1,[http/1.1]}{0.0.0.0:9001}
INFO  [2021-08-15 11:34:03,489] org.eclipse.jetty.server.Server: Started @2428ms
INFO  [2021-08-15 11:34:25,699] com.cttexpress.rest.auth.AppAuthorizer: Autorización otorgada para el usuario[admin1].
INFO  [2021-08-15 11:34:25,786] com.cttexpress.rest.resources.RpcUpdateUserAttributes: POST rpcUpdateUserAttributes email[psanchosopranis@gmail.com] Remote Host[0:0:0:0:0:0:0:1] Remote Address[0:0:0:0:0:0:0:1] Remote Port[52518].
INFO  [2021-08-15 11:34:25,803] com.cttexpress.rest.resources.RpcUpdateUserAttributes: POST rpcUpdateUserAttributes Payload[
com.cttexpress.rest.representations.UpdateUserAttributesRequest@4bc68d75[
  custom_attributes={custom:ctt_client_code=TECHEDGE-01g, custom:ctt_agency_code=TECHEDGE-01f}
  name=<null>
  phone_number=<null>
]
].
INFO  [2021-08-15 11:34:38,582] com.cttexpress.rest.auth.AppAuthorizer: Autorización otorgada para el usuario[admin1].
INFO  [2021-08-15 11:34:38,585] com.cttexpress.rest.resources.RpcUpdateUserAttributes: POST rpcUpdateUserAttributes email[psanchosopranis@gmail.com] Remote Host[0:0:0:0:0:0:0:1] Remote Address[0:0:0:0:0:0:0:1] Remote Port[52518].
INFO  [2021-08-15 11:34:38,586] com.cttexpress.rest.resources.RpcUpdateUserAttributes: POST rpcUpdateUserAttributes Payload[
com.cttexpress.rest.representations.UpdateUserAttributesRequest@7ad5d472[
  custom_attributes={custom:ctt_client_code=TECHEDGE-01g, custom:ctt_agency_code=TECHEDGE-01f}
  name=Pablo SanchoSopranis Sampol
  phone_number=+3465071107
]
].
INFO  [2021-08-15 11:34:50,896] com.cttexpress.rest.auth.AppAuthorizer: Autorización otorgada para el usuario[admin1].
INFO  [2021-08-15 11:34:50,900] com.cttexpress.rest.resources.RpcUpdateUserAttributes: POST rpcUpdateUserAttributes email[psanchosopranis@gmail.com] Remote Host[0:0:0:0:0:0:0:1] Remote Address[0:0:0:0:0:0:0:1] Remote Port[52518].
INFO  [2021-08-15 11:34:50,900] com.cttexpress.rest.resources.RpcUpdateUserAttributes: POST rpcUpdateUserAttributes Payload[
com.cttexpress.rest.representations.UpdateUserAttributesRequest@512058c7[
  custom_attributes={custom:ctt_client_code=TECHEDGE-01g, custom:ctt_agency_code=TECHEDGE-01f}
  name=Pablo SanchoSopranis Sampol
  phone_number=+3465071107a
]
].
INFO  [2021-08-15 11:34:59,162] com.cttexpress.rest.auth.AppAuthorizer: Autorización otorgada para el usuario[admin1].
INFO  [2021-08-15 11:34:59,164] com.cttexpress.rest.resources.RpcUpdateUserAttributes: POST rpcUpdateUserAttributes email[psanchosopranis@gmail.com] Remote Host[0:0:0:0:0:0:0:1] Remote Address[0:0:0:0:0:0:0:1] Remote Port[52518].
INFO  [2021-08-15 11:34:59,164] com.cttexpress.rest.resources.RpcUpdateUserAttributes: POST rpcUpdateUserAttributes Payload[
com.cttexpress.rest.representations.UpdateUserAttributesRequest@5219ca3c[
  custom_attributes={custom:ctt_client_code=TECHEDGE-01g, custom:ctt_agency_code=TECHEDGE-01f}
  name=Pablo SanchoSopranis Sampol
  phone_number=+34650711077
]
].
INFO  [2021-08-15 11:35:09,439] com.cttexpress.rest.auth.AppAuthorizer: Autorización otorgada para el usuario[admin1].
INFO  [2021-08-15 11:35:09,447] com.cttexpress.rest.resources.RpcDeleteUser: POST rpcDeleteUser [psanchosopranis@gmail.com] Remote Host[0:0:0:0:0:0:0:1] Remote Address[0:0:0:0:0:0:0:1] Remote Port[52518].
INFO  [2021-08-15 11:35:34,237] com.cttexpress.rest.auth.AppAuthorizer: Autorización otorgada para el usuario[admin1].
INFO  [2021-08-15 11:35:34,245] com.cttexpress.rest.resources.RpcCreateUser: POST rpcCreateUser Remote Host[0:0:0:0:0:0:0:1] Remote Address[0:0:0:0:0:0:0:1] Remote Port[52518].
INFO  [2021-08-15 11:35:34,246] com.cttexpress.rest.resources.RpcCreateUser: POST rpcCreateUser Payload[
com.cttexpress.rest.representations.CreateUserRequest@4295e5de[
  custom_attributes={custom:ctt_client_code=TECHEDGE-01b, custom:ctt_agency_code=TECHEDGE-01a}
  email=<null>
  name=<null>
  phone_number=<null>
]
].
INFO  [2021-08-15 11:46:23,758] org.eclipse.jetty.server.AbstractConnector: Stopped application@561b61ed{HTTP/1.1,[http/1.1]}{0.0.0.0:9000}
INFO  [2021-08-15 11:46:23,760] org.eclipse.jetty.server.AbstractConnector: Stopped admin@654c7d2d{HTTP/1.1,[http/1.1]}{0.0.0.0:9001}
INFO  [2021-08-15 11:46:23,769] org.eclipse.jetty.server.handler.ContextHandler: Stopped i.d.j.MutableServletContextHandler@3e214105{/admin,null,UNAVAILABLE}
INFO  [2021-08-15 11:46:23,782] org.eclipse.jetty.server.handler.ContextHandler: Stopped i.d.j.MutableServletContextHandler@42507640{/awscognitofacade/simple/v1,null,UNAVAILABLE}
